Arguments: 
  /Users/justinmenestrina/.nvm/versions/node/v12.20.0/bin/node /usr/local/Cellar/yarn/1.22.10/libexec/bin/yarn.js

PATH: 
  /Users/justinmenestrina/.nvm/versions/node/v12.20.0/bin:/usr/local/bin:/usr/bin:/bin:/usr/sbin:/sbin:/usr/local/MacGPG2/bin:/Library/Apple/usr/bin:/Users/justinmenestrina/.nvm/versions/node/v10.23.0/bin:/Users/justinmenestrina/.nvm/versions/node/v12.20.0/bin:/Users/justinmenestrina/.cargo/bin:/Users/justinmenestrina/arc/arcanist/bin:/Users/justinmenestrina/arc/arcanist/bin

Yarn version: 
  1.22.10

Node version: 
  12.20.0

Platform: 
  darwin x64

Trace: 
  Error: https://registry.affirm-stage.com/artifactory/api/npm/npm/jest: Request "https://registry.affirm-stage.com/artifactory/api/npm/npm/jest" returned a 403
      at Request.params.callback [as _callback] (/usr/local/Cellar/yarn/1.22.10/libexec/lib/cli.js:66997:18)
      at Request.self.callback (/usr/local/Cellar/yarn/1.22.10/libexec/lib/cli.js:140749:22)
      at Request.emit (events.js:314:20)
      at Request.<anonymous> (/usr/local/Cellar/yarn/1.22.10/libexec/lib/cli.js:141721:10)
      at Request.emit (events.js:314:20)
      at IncomingMessage.<anonymous> (/usr/local/Cellar/yarn/1.22.10/libexec/lib/cli.js:141643:12)
      at Object.onceWrapper (events.js:420:28)
      at IncomingMessage.emit (events.js:326:22)
      at endReadableNT (_stream_readable.js:1241:12)
      at processTicksAndRejections (internal/process/task_queues.js:84:21)

npm manifest: 
  {
    "name": "typography-codemod",
    "version": "1.0.0",
    "main": "index.js",
    "license": "MIT",
    "dependencies": {
      "jest": "^26.6.3",
      "jscodeshift": "^0.11.0"
    },
    "devDependencies": {
      "@types/jscodeshift": "^0.11.0"
    }
  }

yarn manifest: 
  No manifest

Lockfile: 
  No lockfile
